[ 2023-05-06 18:06:53,009 ] 26 root - INFO - Data Ingestion methods Starts
[ 2023-05-06 18:06:53,605 ] 29 root - INFO - Dataset read as pandas Dataframe
[ 2023-05-06 18:06:54,176 ] 33 root - INFO - Train test split
[ 2023-05-06 18:06:54,726 ] 39 root - INFO - Ingestion of Data is completed
[ 2023-05-06 18:06:54,978 ] 82 root - INFO - Read train and test data completed
[ 2023-05-06 18:06:54,997 ] 83 root - INFO - Train Dataframe Head : 
       ID Delivery_person_ID  Delivery_person_Age  Delivery_person_Ratings  Restaurant_latitude  Restaurant_longitude  Delivery_location_latitude  Delivery_location_longitude  Order_Date Time_Orderd Time_Order_picked Weather_conditions Road_traffic_density  Vehicle_condition Type_of_order   Type_of_vehicle  multiple_deliveries Festival           City  Time_taken (min)                  Date  day  month  year  hour_Order_picked  min_Order_picked  order_hour  order_min
0  0x5533   RANCHIRES12DEL01                 35.0                      4.6             0.000000              0.000000                    0.070000                     0.070000  20-03-2022       17:15             17:30              Windy               Medium                  1        Drinks           scooter                  1.0       No  Metropolitian                26  ['20', '03', '2022']   20      3  2022               17.0              15.0        17.0       15.0
1   0xfe5   RANCHIRES13DEL01                 38.0                      4.7            23.374989             85.335486                   23.414989                    85.375486  05-03-2022       13:30             13:40         Sandstorms                 High                  2        Buffet        motorcycle                  1.0       No  Metropolitian                29  ['05', '03', '2022']    5      3  2022               13.0              30.0        13.0       30.0
2  0x190e      HYDRES07DEL02                 36.0                      4.8            17.424114             78.347554                   17.554114                    78.477554  08-03-2022       22:35             22:40             Stormy                  Low                  2        Drinks  electric_scooter                  0.0       No          Urban                17  ['08', '03', '2022']    8      3  2022               22.0              35.0        22.0       35.0
3  0xab78     INDORES01DEL01                 27.0                      5.0            22.695207             75.866059                   22.735207                    75.906059  19-03-2022       16:35             16:40             Stormy               Medium                  2        Drinks        motorcycle                  0.0       No  Metropolitian                24  ['19', '03', '2022']   19      3  2022               16.0              35.0        16.0       35.0
4  0xcd9c      KOLRES20DEL03                 38.0                      4.7            22.514119             88.362504                   22.604119                    88.452504  18-02-2022       20:50             20:55             Cloudy                  Jam                  0         Snack        motorcycle                  1.0       No  Metropolitian                46  ['18', '02', '2022']   18      2  2022               20.0              50.0        20.0       50.0
[ 2023-05-06 18:06:55,008 ] 84 root - INFO - Test Dataframe Head  : 
       ID Delivery_person_ID  Delivery_person_Age  Delivery_person_Ratings  Restaurant_latitude  Restaurant_longitude  Delivery_location_latitude  Delivery_location_longitude  Order_Date Time_Orderd Time_Order_picked Weather_conditions Road_traffic_density  Vehicle_condition Type_of_order Type_of_vehicle  multiple_deliveries Festival           City  Time_taken (min)                  Date  day  month  year  hour_Order_picked  min_Order_picked  order_hour  order_min
0  0xcfcd      ALHRES08DEL02                 32.0                      4.1            25.450329             81.834279                   25.500329                    81.884279  13-02-2022       17:15             17:30         Sandstorms               Medium                  0         Snack      motorcycle                  1.0       No  Metropolitian                33  ['13', '02', '2022']   13      2  2022               17.0              15.0        17.0       15.0
1  0x4f03      MYSRES17DEL01                 32.0                      4.9            12.326356             76.619103                   12.336356                    76.629103  03-03-2022       08:35             08:45              Windy                  Low                  1         Snack      motorcycle                  1.0       No  Metropolitian                28  ['03', '03', '2022']    3      3  2022                8.0              35.0         8.0       35.0
2  0xc48b      DEHRES01DEL01                 23.0                      4.5             0.000000              0.000000                    0.070000                     0.070000  14-02-2022       21:50             22:05              Sunny                  Jam                  2         Snack         scooter                  1.0       No  Metropolitian                22  ['14', '02', '2022']   14      2  2022               21.0              50.0        21.0       50.0
3  0x277c      JAPRES20DEL03                 22.0                      4.5            26.956431             75.776649                   26.986431                    75.806649  13-03-2022       22:45             22:50             Stormy                  Low                  0         Snack      motorcycle                  1.0       No  Metropolitian                25  ['13', '03', '2022']   13      3  2022               22.0              45.0        22.0       45.0
4  0x5097      MYSRES04DEL02                 29.0                      4.9            12.308500             76.665808                   12.438500                    76.795808  14-03-2022       21:20             21:35             Cloudy                  Jam                  0        Drinks      motorcycle                  1.0       No  Metropolitian                35  ['14', '03', '2022']   14      3  2022               21.0              20.0        21.0       20.0
[ 2023-05-06 18:06:55,008 ] 86 root - INFO - Obtaining preprocessing object
[ 2023-05-06 18:06:55,009 ] 26 root - INFO - Data Transformation initiated
[ 2023-05-06 18:06:55,009 ] 41 root - INFO - Pipeline Initiated
[ 2023-05-06 18:06:55,189 ] 103 root - INFO - Applying preprocessing object on training and testing datasets.
[ 2023-05-06 18:06:55,193 ] 115 root - INFO - Preprocessor pickle file saved
[ 2023-05-06 18:06:55,197 ] 26 root - INFO - Splitting Dependent and Independent variables from train and test data
[ 2023-05-06 18:06:55,547 ] 44 root - INFO - Model Report : {'LinearRegression': 0.5009092045525417, 'Lasso': 0.42876586882729084, 'Ridge': 0.5009097318664715, 'Elasticnet': 0.41898694117266133}
[ 2023-05-06 18:06:55,548 ] 57 root - INFO - Best Model Found , Model Name : Ridge , R2 Score : 0.5009097318664715
